cl : command line  warning D9035: option 'Gm' has been deprecated and will be removed in a future release
  GUI.cpp
C:\Users\Dragon\Downloads\New folder\project framework\GUI\GUI.cpp(291,44): warning C4838: conversion from 'double' to 'int' requires a narrowing conversion
C:\Users\Dragon\Downloads\New folder\project framework\GUI\GUI.cpp(291,44): warning C4244: 'initializing': conversion from 'double' to 'int', possible loss of data
C:\Users\Dragon\Downloads\New folder\project framework\GUI\GUI.cpp(291,86): warning C4838: conversion from 'double' to 'int' requires a narrowing conversion
C:\Users\Dragon\Downloads\New folder\project framework\GUI\GUI.cpp(291,86): warning C4244: 'initializing': conversion from 'double' to 'int', possible loss of data
C:\Users\Dragon\Downloads\New folder\project framework\GUI\GUI.cpp(292,35): warning C4838: conversion from 'double' to 'int' requires a narrowing conversion
C:\Users\Dragon\Downloads\New folder\project framework\GUI\GUI.cpp(292,35): warning C4244: 'initializing': conversion from 'double' to 'int', possible loss of data
C:\Users\Dragon\Downloads\New folder\project framework\GUI\GUI.cpp(292,62): warning C4838: conversion from 'double' to 'int' requires a narrowing conversion
C:\Users\Dragon\Downloads\New folder\project framework\GUI\GUI.cpp(292,62): warning C4244: 'initializing': conversion from 'double' to 'int', possible loss of data
C:\Users\Dragon\Downloads\New folder\project framework\GUI\GUI.cpp(292,90): warning C4838: conversion from 'double' to 'int' requires a narrowing conversion
C:\Users\Dragon\Downloads\New folder\project framework\GUI\GUI.cpp(292,90): warning C4244: 'initializing': conversion from 'double' to 'int', possible loss of data
C:\Users\Dragon\Downloads\New folder\project framework\GUI\GUI.cpp(292,118): warning C4838: conversion from 'double' to 'int' requires a narrowing conversion
C:\Users\Dragon\Downloads\New folder\project framework\GUI\GUI.cpp(292,118): warning C4244: 'initializing': conversion from 'double' to 'int', possible loss of data
  FillColor.cpp
  ActionAddSquare.cpp
  ActionAddHexagon.cpp
  ActionAddElipse.cpp
  Generating Code...
  Skipping... (no relevant changes detected)
  main.cpp
  CSquare.cpp
  CHexagon.cpp
  CFigure.cpp
  CElipse.cpp
  ApplicationManager.cpp
  ExitAction.cpp
  DrowColor.cpp
  BKColor.cpp
  ActionSelect.cpp
ActionAddElipse.obj : warning LNK4075: ignoring '/EDITANDCONTINUE' due to '/SAFESEH' specification
  PT-Project.vcxproj -> C:\Users\Dragon\Downloads\New folder\project framework\Debug\PT Project.exe
